/veh
/veh
/veh
/exit
/savepos interglobal television
/savepos interglobaltv
/pos Apteka
/kill
/map
/mapicon
/micon
/mark
/mark
/testm
/testm
/mark
/veh
/testm
/testm
/testm
/testm
/
/testm 0
/testm 1
/testm 2
/testm 3
/testm 4
/testm 5
/testm 6
/testm 7
/testm 8
/testm 9
/testm 10
/testm 11
/testm 12
/testm 13
/testm 14
/testm 15
/testm 16
/testm 16
/bizzinfo
/bizzinfo 1
/rqwrw
/йк
/йуй
/savepos airfuel
/xlogin qqq
/xlogin
/xlogin a
/login
/xlogin
/regnick qqq
/login qqq
/exit
/exit
/login qqq
/exit
/login qqq
/login qqq
/exit
/rentcar
/rentcar
/login qqq
/login qqq
/exit
/login qqq
/load
/buycomp
/bestsale
/sellcomp
/level
/login q
/login qqq
/lock
/lock
/regnick q
/lock
/buy
/buy 5
/login qqq
/lock
/lock
/login q
/lock
/lock
/buy 5
/lock
/lock
/login q
/login q
/lock
/lock
/login q
/lock
/login q
/lock
/login q
/lock
/lock
/login q
/lock
/login q
/lock
/login q
/enter
/enter
/enter
/pos bank
/login q
/login q
/login q
/login q
/login q
/login q
/login q
/drinj
/drink
/drink vodka
/drink
/login q
/login qqq
/login  qqq
/drink
/drink vodka
/drink vodka
/drink vodka
/drink vodka
/drink vodka
/drink vodka
/login q
/login q
/login q
/drink vodka
/drink vodka
/drink vodka
/drink vodka
/drink vodka
/drink vodka
/drink vodka
/login q
/time
/time
/time
/time
/regnick 0153I
/level
/ah
/ah
/ah
/time
/time
/time
/time
/lock
/help
/entert
/enter
/buygun
/exit
/fill
/help
/betdm
/betrace 1 1
/help
/chariti
/charity
/fiill
/upgrade
/help
/regnick 91
/login 04.06.1994
/regnick 04.06.1994
/level
/time
/time
/time
/login 04.06.1994
/LOGIN 04.06.1994
/fill
/REGNICK 1918
/tv off
/upgrade 
/upgrade health
/regnick skater
/STATS
/help
/PAY 4 5000
/PAY 4 1000
/PAY 4 1000
/PAY 4 1000
/PAY 4 1000
/PAY 4 1000
/PAY 2 1000
/PAY 2 1000
/PAY 2 1000
/PAY 2 1000
/PAY 2 1000
/PAY 2 1000
/PAY 2 1000
/stats
/PAY 3 1000
/PAY 3 1000
/PAY 3 1000
/level
/level
/regnick q
/login 04.06.1994
/regnick 0000
/regnick 12345
/regnick 1991
/regnick 04.06.1994
/stats
/level
/a *вв
/a гг
/a !
/time
/login skater
/a ddd
/regnick skater
/regnick g
/time
/time
/time
/time
/time
/time
/time
/time
/time
/time
/time
/login q
/kill
/gotols
/regnick [lipin]
/cnn H!
/kill
/login q
/fill
/login q
/mission
/xforce 8
/ahelp
/mdc 6
/ah
/setteam
/setteam 8 2
/enter
/buygun
/exit
/ad
/ad kogo vilechit'?
/heal 3
/stats
/level
/ad kogo vilechit?
/exit
/heal 6
/level
/ad kogo lechit?
/regnick 560183
/gotols
/stats
/help
/help
/level
/regnick 0607
/w 2 ! на красную !
/w 2 ! na krasnuju
/w 2 ! na krasnuju
/regnick
/regnick popka85
/kill
/slap 4
/slap 0
/setteam 82
/setteam 8 2
/slap 4
/slap 4
/login skater
/stats
/stats
/level
/help
/login skater
/login skater
/pay 1 1000
/pay 1 1000
/pay 1 1000
/pay 4 1000
/pay 4 1000
/regnick 2
/eject 1
/eject
/time
/time
/level
/stats
/help
/me
/level
/registr 707268
/login 707268
/regnick 707268
/level
/exit
/stats
/time
/time
/time
/level
/fill
/fill
/enter
/enter
/enter
/bank
/level
/withdraw 7
/bank 7
/bank 997
/exit
/regnick 0153I
/fill
/level
/kill
/kill
/fill
/fill
/help
/fill
/free
/duty
/jail
/jail
/jail 0
/kill
/duty
/duty
/duty
/duty
/duty
/duty
/duty
/duty
/duty
/duty
/duty
/duty
/duty
/duty
/duty
/duty
/duty
/duty
/duty
/duty
/level
/login q
/login 04.06.1994
/REGNICK 1918
/mission
/mission
/wire
/wirecar
/cashbox 0
/dm 0
/deathmatch 0
/hotwire 0
/streetrace 0
/setteam 0 5
/rentcar
/mission
/streetrace 1
/mission
/mission
/mission
/mission
/mission
/mission
/gethere 1
/RENTCAR
/EXIT
/login [lipin]
/CNN H! ALL
/login skater
/pay 1 1000
/login q
/login q
/login q
/kill
/gotos
/gotols
/sethealth
/ah
/ajail 0
/ajail 0 10
/spawn
/spawn 0
/drop
/sslap 0
/sslap 0
/sslap 0
/sslap 0
/sslap 0
/sslap 0
/sslap 0
/sslap 0
/sslap 0
/login [lipin]
/setsm
/setsm
/login [lipin]
/deathmatch 0
/cashbox 0
/hotwire 0
/mission
/login 04.06.1994
/mission
/login 04.06.1994
/login 04.06.1994
/gethere 2
/streetrace 0
/deathmatch 1
/mission
/gotol
/gotols
/mission
/LOGIN 560183
/dmweapon
/dmweapon flamethrower
/login 560183
/regnick 1984
/login 1984
/login 1991
/regnick 1991
/gotols
/gethere 1
/gethere 2
/gethere 3
/gethere 4
/mission
/gotols
/mute 
/mute 3
/mute 3
/gethere 1
/regnick 1918
/regnick 9999
/login 1918
/slap NEC
/enter
/exit
/mute NEC
/gotols
/gethere 1
/gethere 2
/gethere 3
/gethere 4
/level
/gethere 6
/
/login q
/login 1991
/deathmatch 0
/streetrace 0
/login 1984
/login 560183
/hotwire 0
/deathmatch 1
/cashbox 0
/mission
/login 04.06.1994
/login 1918
/LOGIN 9999
/login 560183
/ah
/givehealth 1 -100
/login [lipin]
/level
/enter
/enter
/enter
/enter
/bugun
/buygun
/buygun
/buygun
/buygun
/buygun
/buygun
/exit
/buygun
/buygun
/buygun golfclub
/nugun shotgunammo
/buygun golfclub
/buygun golfclub
/exit
/exit
/login skater
/kill
/kill
/regnick 13061306
/w
/w
/w 2 !сальва
/login 13061306
/level
/admins
/LOGIN 9999
/login 13061306
/admins
/exit
/LOGIN 9999
/login 1984
/login 1918
/login 1991
/login 04.06.1994
/kill
/kill
/login 1984
/login 04.06.1994
/rus
/regnick q
/rus
/regnick q
/rus
/regnick q
/login q
/logout
/help
/rus
/regnick q
/regnick qqqqq
/login q
/regnick q
/regnick q
/rus
/regnick 1987223
/regnick q
/login q
/KICK 1
/xkick 1
/ah
/giveme
/xgiveme
/kill
/gotols
/login q
/rus
/login 765222
/login q
/cashbox 0
/login q
/cashbox 0
/streetrace 0
/deathmatch 0
/hotwire 0
/mission
/login q
/cashbox 0
/hotwire 0
/deathmatch 0
/streetrace 0
/rus
/mission
/mission
/deathmatch
/mission
/mission
/mission
/mission
/mission
/login q
/setteam 0 1
/cashbox 0
/hotwire 0
/streetrace 0
/deathmatch 0
/mission
/mission
/login q
/cashbox 0
/hotwire 0
/streetrace 0
/deathmatch 0
/mission
/mission
/login q
/cashbox 0
/streetrace 0
/deathmatch 0
/hotwire 0
/mission
/mission
/login q
/cashbox 0
/streetrace 0
/hotwire 0
/deathmatch 0
/mission
/mission
/login q
/cashbox 0
/streetrace 0
/cashbox 0
/deathmatch 0
/mission
/mission
/mission
/login q
/streetrace 0
/cashbox 0
/deathmatch 0
/hotwire 0
/mission
/mission
/hotwire 1
/cashbox 1
/streetrace 1
/deathmatch 1
/mission
/mission
/mission
/login q
/mission
/mission
/mission
/mission
/mission
/mission
/mission
/mission
/mission
/mission
/mission
/mission
/mission
/login q
/mission
/mission
/mission
/mission
/mission
/login q
/mission
/mission
/mission
/mission
/mission
/login q
/mission
/mission
/mission
/mission
/mission
/setteam 0 1
/setteam 0 5
/mission
/mission
/mission
/mission
/mission
/mission
/mission
/mission
/mission
/mission
/setteam 0 7
/cashbox 0
/mission
/mission
/mission
/mission
/level
/stats 0
/login q
/mission
/mission
/mission
/mission
/mission
/login q
/mission
/mission
/mission
/mission
/mission
/rus
/rus
/login q
/mission
/mission
/mission
/mission
/mission
/mission
/mission
/mission
/mission
/login q
/mission
/mission
/mission
/mission
/mission
/mission
/mission
/login q
/setteam 0 1
/setteam 0 5
/mission
/mission
/mission
/mission
/mission
/mission
/mission
/mission
/login q
/mission
/mission
/mission
/mission
/login q
/mission
/mission
/mission
/mission
/loginq
/login q
/mission
/mission
/mission
/mission
/setteam 0 1
/mission
/mission
/mission
/mission
/setteam 0 2
/mission
/mission
/mission
/mission
/setteam 0 6
/mission
/mission
/mission
/mission
/login q
/mission
/mission
/mission
/mission
/mission
/mission
/mission
/mission
/login q
/setteam 0 6
/setteam 0 4
/mission
/mission
/mission
/mission
/login q
/mission
/mission
/mission
/mission
/gotols
/slap 0
/givehealth 0 -100
/gotols
